<?xml version="1.0" encoding="UTF-8"?>
<testng-results total="2" passed="1" failed="1" skipped="0">
  <reporter-output>
  </reporter-output>
  <suite started-at="2021-09-28T08:28:12Z" name="Default suite" finished-at="2021-09-28T08:28:32Z" duration-ms="20850">
    <groups>
    </groups>
    <test started-at="2021-09-28T08:28:12Z" name="Default test" finished-at="2021-09-28T08:28:32Z" duration-ms="20850">
      <class name="alarm.alarm1.AppTest">
        <test-method is-config="true" signature="setup()[pri:0, instance:alarm.alarm1.AppTest@1fb19a0]" started-at="2021-09-28T13:58:12Z" name="setup" finished-at="2021-09-28T13:58:13Z" duration-ms="1392" status="PASS">
          <reporter-output>
          </reporter-output>
        </test-method> <!-- setup -->
        <test-method signature="add()[pri:0, instance:alarm.alarm1.AppTest@1fb19a0]" started-at="2021-09-28T13:58:13Z" name="add" finished-at="2021-09-28T13:58:20Z" duration-ms="6992" status="FAIL">
          <exception class="org.openqa.selenium.NoSuchElementException">
            <message>
              <![CDATA[An element could not be located on the page using the given search parameters. (WARNING: The server did not provide any stacktrace information)
Command duration or timeout: 395 milliseconds
For documentation on this error, please visit: http://seleniumhq.org/exceptions/no_such_element.html
Build info: version: '3.3.1', revision: '5234b325d5', time: '2017-03-10 09:10:29 +0000'
System info: host: 'LAPTOP-RY-04', ip: '192.168.229.126', os.name: 'Windows 10', os.arch: 'amd64', os.version: '10.0', java.version: '15.0.2'
Driver info: io.appium.java_client.windows.WindowsDriver
Capabilities [{app=Microsoft.WindowsAlarms_8wekyb3d8bbwe!App, platformName=Windows, platform=ANY}]
Session ID: D8FDA37D-8149-4D3D-A7ED-61DFD0F7225A
*** Element info: {Using=name, value=Add an alarm}]]>
            </message>
            <full-stacktrace>
              <![CDATA[org.openqa.selenium.NoSuchElementException: An element could not be located on the page using the given search parameters. (WARNING: The server did not provide any stacktrace information)
Command duration or timeout: 395 milliseconds
For documentation on this error, please visit: http://seleniumhq.org/exceptions/no_such_element.html
Build info: version: '3.3.1', revision: '5234b325d5', time: '2017-03-10 09:10:29 +0000'
System info: host: 'LAPTOP-RY-04', ip: '192.168.229.126', os.name: 'Windows 10', os.arch: 'amd64', os.version: '10.0', java.version: '15.0.2'
Driver info: io.appium.java_client.windows.WindowsDriver
Capabilities [{app=Microsoft.WindowsAlarms_8wekyb3d8bbwe!App, platformName=Windows, platform=ANY}]
Session ID: D8FDA37D-8149-4D3D-A7ED-61DFD0F7225A
*** Element info: {Using=name, value=Add an alarm}
	at java.base/jdk.internal.reflect.NativeConstructorAccessorImpl.newInstance0(Native Method)
	at java.base/jdk.internal.reflect.NativeConstructorAccessorImpl.newInstance(NativeConstructorAccessorImpl.java:64)
	at java.base/jdk.internal.reflect.DelegatingConstructorAccessorImpl.newInstance(DelegatingConstructorAccessorImpl.java:45)
	at java.base/java.lang.reflect.Constructor.newInstanceWithCaller(Constructor.java:500)
	at java.base/java.lang.reflect.Constructor.newInstance(Constructor.java:481)
	at org.openqa.selenium.remote.ErrorHandler.createThrowable(ErrorHandler.java:216)
	at org.openqa.selenium.remote.ErrorHandler.throwIfResponseFailed(ErrorHandler.java:168)
	at org.openqa.selenium.remote.RemoteWebDriver.execute(RemoteWebDriver.java:638)
	at io.appium.java_client.DefaultGenericMobileDriver.execute(DefaultGenericMobileDriver.java:42)
	at io.appium.java_client.AppiumDriver.execute(AppiumDriver.java:1)
	at io.appium.java_client.windows.WindowsDriver.execute(WindowsDriver.java:1)
	at org.openqa.selenium.remote.RemoteWebDriver.findElement(RemoteWebDriver.java:371)
	at io.appium.java_client.DefaultGenericMobileDriver.findElement(DefaultGenericMobileDriver.java:62)
	at io.appium.java_client.AppiumDriver.findElement(AppiumDriver.java:1)
	at io.appium.java_client.windows.WindowsDriver.findElement(WindowsDriver.java:1)
	at org.openqa.selenium.remote.RemoteWebDriver.findElementByName(RemoteWebDriver.java:452)
	at io.appium.java_client.DefaultGenericMobileDriver.findElementByName(DefaultGenericMobileDriver.java:110)
	at io.appium.java_client.AppiumDriver.findElementByName(AppiumDriver.java:1)
	at io.appium.java_client.windows.WindowsDriver.findElementByName(WindowsDriver.java:1)
	at alarm.alarm1.App.Addalarm(App.java:36)
	at alarm.alarm1.AppTest.add(AppTest.java:21)
	at java.base/jdk.internal.reflect.NativeMethodAccessorImpl.invoke0(Native Method)
	at java.base/jdk.internal.reflect.NativeMethodAccessorImpl.invoke(NativeMethodAccessorImpl.java:64)
	at java.base/jdk.internal.reflect.DelegatingMethodAccessorImpl.invoke(DelegatingMethodAccessorImpl.java:43)
	at java.base/java.lang.reflect.Method.invoke(Method.java:564)
	at org.testng.internal.MethodInvocationHelper.invokeMethod(MethodInvocationHelper.java:84)
	at org.testng.internal.Invoker.invokeMethod(Invoker.java:714)
	at org.testng.internal.Invoker.invokeTestMethod(Invoker.java:901)
	at org.testng.internal.Invoker.invokeTestMethods(Invoker.java:1231)
	at org.testng.internal.TestMethodWorker.invokeTestMethods(TestMethodWorker.java:127)
	at org.testng.internal.TestMethodWorker.run(TestMethodWorker.java:111)
	at org.testng.TestRunner.privateRun(TestRunner.java:767)
	at org.testng.TestRunner.run(TestRunner.java:617)
	at org.testng.SuiteRunner.runTest(SuiteRunner.java:334)
	at org.testng.SuiteRunner.runSequentially(SuiteRunner.java:329)
	at org.testng.SuiteRunner.privateRun(SuiteRunner.java:291)
	at org.testng.SuiteRunner.run(SuiteRunner.java:240)
	at org.testng.SuiteRunnerWorker.runSuite(SuiteRunnerWorker.java:52)
	at org.testng.SuiteRunnerWorker.run(SuiteRunnerWorker.java:86)
	at org.testng.TestNG.runSuitesSequentially(TestNG.java:1224)
	at org.testng.TestNG.runSuitesLocally(TestNG.java:1149)
	at org.testng.TestNG.run(TestNG.java:1057)
	at org.testng.remote.AbstractRemoteTestNG.run(AbstractRemoteTestNG.java:115)
	at org.testng.remote.RemoteTestNG.initAndRun(RemoteTestNG.java:251)
	at org.testng.remote.RemoteTestNG.main(RemoteTestNG.java:77)
]]>
            </full-stacktrace>
          </exception> <!-- org.openqa.selenium.NoSuchElementException -->
          <reporter-output>
          </reporter-output>
        </test-method> <!-- add -->
        <test-method is-config="true" signature="teardown()[pri:0, instance:alarm.alarm1.AppTest@1fb19a0]" started-at="2021-09-28T13:58:20Z" name="teardown" finished-at="2021-09-28T13:58:20Z" duration-ms="58" status="PASS">
          <reporter-output>
          </reporter-output>
        </test-method> <!-- teardown -->
        <test-method is-config="true" signature="setup()[pri:0, instance:alarm.alarm1.AppTest@1fb19a0]" started-at="2021-09-28T13:58:20Z" name="setup" finished-at="2021-09-28T13:58:21Z" duration-ms="1439" status="PASS">
          <reporter-output>
          </reporter-output>
        </test-method> <!-- setup -->
        <test-method signature="add1()[pri:0, instance:alarm.alarm1.AppTest@1fb19a0]" started-at="2021-09-28T13:58:21Z" name="add1" finished-at="2021-09-28T13:58:32Z" duration-ms="10885" status="PASS">
          <reporter-output>
          </reporter-output>
        </test-method> <!-- add1 -->
        <test-method is-config="true" signature="teardown()[pri:0, instance:alarm.alarm1.AppTest@1fb19a0]" started-at="2021-09-28T13:58:32Z" name="teardown" finished-at="2021-09-28T13:58:32Z" duration-ms="63" status="PASS">
          <reporter-output>
          </reporter-output>
        </test-method> <!-- teardown -->
      </class> <!-- alarm.alarm1.AppTest -->
    </test> <!-- Default test -->
  </suite> <!-- Default suite -->
</testng-results>
